MAE: 7551.344035763846
MSE: 117288228.8892577
RMSE: 10829.969016080226
R2 Score: 0.4422142502385352
---
MAE: 7119.084529803075
MSE: 96227663.30407757
RMSE: 9809.569985686303
R2 Score: 0.48046279037264494
---
MAE: 7119.084529803075
MSE: 96227663.30407757
RMSE: 9809.569985686303
R2 Score: 0.48046279037264494
---
MAE: 8497.941000770783
MSE: 138500933.81858537
RMSE: 11768.641970022938
R2 Score: 0.3798640259923147
---
MAE: 8497.941000770783
MSE: 138500933.81858537
RMSE: 11768.641970022938
R2 Score: 0.3798640259923147
---
MAE: 7119.084529803075
MSE: 96227663.30407757
RMSE: 9809.569985686303
R2 Score: 0.48046279037264494
---
MAE: 7119.084529803075
MSE: 96227663.30407757
RMSE: 9809.569985686303
R2 Score: 0.48046279037264494
---
MAE: 7119.084529803075
MSE: 96227663.30407757
RMSE: 9809.569985686303
R2 Score: 0.48046279037264494
---
MAE: 7119.084529803075
MSE: 96227663.30407757
RMSE: 9809.569985686303
R2 Score: 0.48046279037264494
---
MAE: 7119.084529803075
MSE: 96227663.30407757
RMSE: 9809.569985686303
R2 Score: 0.48046279037264494
---
MAE: 8529.92016184112
MSE: 153728627.03755745
RMSE: 12398.734896656088
R2 Score: 0.411590478201754
---
MAE: 7751.643280181687
MSE: 105223525.5412818
RMSE: 10257.851897024142
R2 Score: 0.4597218178560952
---
MAE: 7119.084529803075
MSE: 96227663.30407757
RMSE: 9809.569985686303
R2 Score: 0.48046279037264494
---
MAE: 8205.678743397402
MSE: 138753126.04690406
RMSE: 11779.351681943454
R2 Score: 0.3380979641930144
---
MAE: 7183.641785924693
MSE: 98473459.88157715
RMSE: 9923.37945871149
R2 Score: 0.4683376400031737
---
MAE: 7113.002914077664
MSE: 95955589.1912634
RMSE: 9795.692379370812
R2 Score: 0.48193172997410494
---
MAE: 7033.098900087509
MSE: 94001443.23894644
RMSE: 9695.43414391261
R2 Score: 0.4924822463268004
---
MAE: 7033.098900087509
MSE: 94001443.23894644
RMSE: 9695.43414391261
R2 Score: 0.4924822463268004
---
MAE: 8481.353949496519
MSE: 176124073.77941334
RMSE: 13271.17454407911
R2 Score: 0.049098703037077196
---
MAE: 6391.988178423828
MSE: 84501894.4058751
RMSE: 9192.49119694303
R2 Score: 0.5437707108284999
---
MAE: 852.7259097945758
MSE: 2549765.0522015993
RMSE: 1596.7983755633018
R2 Score: 0.1595922505709798
---
MAE: 6391.988178423828
MSE: 84501894.4058751
RMSE: 9192.49119694303
R2 Score: 0.5437707108284999
---
MAE: 6493.013681338809
MSE: 86650320.31724012
RMSE: 9308.615381314243
R2 Score: 0.5321712687891088
---
MAE: 6459.925328535615
MSE: 85249605.17944928
RMSE: 9233.071275553399
R2 Score: 0.539733788850217
---
MAE: 6428.3442072513
MSE: 85134072.48978876
RMSE: 9226.812693979908
R2 Score: 0.5403575547107399
---
MAE: 6311.930601854549
MSE: 84062834.54613176
RMSE: 9168.578654629722
R2 Score: 0.5461412135151298
---
MAE: 6314.037467316259
MSE: 83899584.9298205
RMSE: 9159.67166059027
R2 Score: 0.5470226050736371
---
MAE: 2613.8465339546506
MSE: 15800256.0984986
RMSE: 3974.953597024574
R2 Score: 0.36221898026763755
---
MAE: 9420.083847350747
MSE: 180061966.50137588
RMSE: 13418.717021435987
R2 Score: 0.4091768965800403
---
MAE: 9517.997573873752
MSE: 180460755.0733021
RMSE: 13433.568218210012
R2 Score: 0.4192101392577048
---
MAE: 7728.309845382327
MSE: 125986855.77795787
RMSE: 11224.386654867065
R2 Score: 0.4358956335820343
---
MAE: 7728.309845382327
MSE: 125986855.77795787
RMSE: 11224.386654867065
R2 Score: 0.4358956335820343
---
MAE: 6391.988178423828
MSE: 84501894.4058751
RMSE: 9192.49119694303
R2 Score: 0.5437707108284999
---
MAE: 5122.135095236047
MSE: 67747923.27719158
RMSE: 8230.912663683876
R2 Score: 0.6342261070368445
---
MAE: 5122.135095236047
MSE: 67747923.27719158
RMSE: 8230.912663683876
R2 Score: 0.6342261070368445
---
MAE: 5557.87
MSE: 105007446.83
RMSE: 10247.314127614123
R2 Score: 0.43306036909825585
---
MAE: 5122.135095236047
MSE: 67747923.27719158
RMSE: 8230.912663683876
R2 Score: 0.6342261070368445
---
MAE: 5222.819056299512
MSE: 69379676.98342189
RMSE: 8329.446379167219
R2 Score: 0.6254162000077701
---
MAE: 5222.819056299512
MSE: 69379676.98342189
RMSE: 8329.446379167219
R2 Score: 0.6254162000077701
---
MAE: 5122.135095236047
MSE: 67747923.27719158
RMSE: 8230.912663683876
R2 Score: 0.6342261070368445
---
MAE: 5355.455330300676
MSE: 71045867.43776387
RMSE: 8428.871065437166
R2 Score: 0.6164203675243278
---
MAE: 7204.642112038458
MSE: 97543726.16912551
RMSE: 9876.42274151555
R2 Score: 0.4733573114996874
---
MAE: 5122.135095236047
MSE: 67747923.27719158
RMSE: 8230.912663683876
R2 Score: 0.6342261070368445
---
MAE: 5122.135095236047
MSE: 67747923.27719158
RMSE: 8230.912663683876
R2 Score: 0.6342261070368445
---
MAE: 5122.135095236055
MSE: 67747923.27719176
RMSE: 8230.912663683886
R2 Score: 0.6342261070368433
---
MAE: 5122.135095236055
MSE: 67747923.27719176
RMSE: 8230.912663683886
R2 Score: 0.6342261070368433
---
MAE: 13696.558861662943
MSE: 278264897.3569257
RMSE: 16681.273852944378
R2 Score: -0.24362669362632028
---
