MAE: 5784.871415243443
MSE: 89304441.95218901
RMSE: 9450.102748234487
R2 Score: 0.7832268517325918
---
MAE: 4380.952237539747
MSE: 57605230.01956569
RMSE: 7589.810934375486
R2 Score: 0.7803159276378965
---
MAE: 4763.830190310526
MSE: 73466271.31626688
RMSE: 8571.246777235321
R2 Score: 0.7560579761933827
---
MAE: 8064.422194522052
MSE: 357543298.78370786
RMSE: 18908.815372299447
R2 Score: 0.37017472949371655
---
MAE: 9027.123329881857
MSE: 431825073.7300398
RMSE: 20780.40119271136
R2 Score: 0.10368434871054655
---
MAE: 8064.422194522052
MSE: 357543298.78370786
RMSE: 18908.815372299447
R2 Score: 0.37017472949371655
---
MAE: 5523.040261476239
MSE: 79192907.31741439
RMSE: 8899.039685124142
R2 Score: 0.5945126055068887
---
MAE: 3409.66873308981
MSE: 23176791.51802852
RMSE: 4814.228029292809
R2 Score: 0.33656810056339126
---
MAE: 6196.786673653427
MSE: 106247831.20516318
RMSE: 10307.65886150503
R2 Score: 0.5754181050324881
---
MAE: 5203.639478317348
MSE: 78247047.52357882
RMSE: 8845.73612106866
R2 Score: 0.7423198071761649
---
